                                      Example records in file A                                      1
                                                                      12:50 Thursday, December 2, 2021

                               Obs    id    x1    x2    x3    x4    x5

                                 1     1    81     1    34    F     X 
                                 2     2    82     1    34    J     M 
                                 3     3    83     1    33    F     R 
                                 4     4    84     1    34    H     C 
                                 5     5    85     1    30    C     Y 
                                 6     6    86     1    33    G     M 
                                 7     7    87     1    32    E     B 
                                 8     8    88     1    30    G     G 
                                 9     9    89     0    28    D     T 
                                10    10    90     1    31    H     Z 
                                      Example records in file B                                      2
                                                                      12:50 Thursday, December 2, 2021

                               Obs    id     x1    x2    x3    x4    x5

                                 1     1    121     0    29    B     T 
                                 2     2    122     0    30    E     Y 
                                 3     3    123     0    26    I     S 
                                 4     4    124     0    29    F     E 
                                 5     5    125     0    26    B     X 
                                 6     6    126     0    25    H     F 
                                 7     7    127     1    29    C     L 
                                 8     8    128     0    29    A     J 
                                 9     9    129     1    32    E     O 
                                10    10    130     1    31    E     X 
                                Examples of linked records in file Lw                                3
                                                                      12:50 Thursday, December 2, 2021

                           unique
                           ID for
                             each
                           linked
                             dyad      id_A      id_B     score  link_status
                         ƒƒƒƒƒƒƒƒƒƒƒƒƒƒƒƒƒƒƒƒƒƒƒƒƒƒƒƒƒƒƒƒƒƒƒƒƒƒƒƒƒƒƒƒƒƒƒƒƒƒƒ
                                1        17       177       9.1  Review     
                                2        18       208       9.1  Review     
                                3        21       195       9.1  Review     
                                4        22        78       9.1  Review     
                                5        24       239       9.1  Review     
                                6        34        15       9.1  Review     
                                7        34       192       9.1  Review     
                                8        37         1      11.9  Accept     
                                9        37         2      11.9  Accept     
                               10        38         1      11.9  Accept     
                               11        38         2      11.9  Accept     
                               12        39         3      11.2  Accept     
                               13        39       210       9.1  Review     
                               14        40         1      11.9  Accept     
                               15        40         2      13.1  Accept     
                               16        40         3      11.9  Accept     
                               17        40         4      11.9  Accept     
                               18        40         5      11.9  Accept     
                               19        41         1      12.4  Accept     
                               20        41         2      11.9  Accept     
                  Review the number of linkages and the distribution of scores in Lw                 4
                                                                      12:50 Thursday, December 2, 2021

      „ƒƒƒƒƒƒƒƒƒƒƒƒƒƒƒƒƒƒƒƒƒƒƒ…ƒƒƒƒƒƒƒƒƒƒƒƒƒƒƒƒƒƒƒƒƒƒƒƒƒƒƒƒƒƒƒƒƒƒƒƒƒƒƒƒƒƒƒƒƒƒƒƒƒƒƒƒƒƒƒƒƒƒƒƒƒƒƒƒ†
      ‚                       ‚                             score                              ‚
      ‚                       ‡ƒƒƒƒƒƒƒƒƒƒƒƒ…ƒƒƒƒƒƒƒƒƒƒƒƒ…ƒƒƒƒƒƒƒƒƒƒƒƒ…ƒƒƒƒƒƒƒƒƒƒƒƒ…ƒƒƒƒƒƒƒƒƒƒƒƒ‰
      ‚                       ‚     N      ‚    Min     ‚    Mean    ‚    P50     ‚    Max     ‚
      ‡ƒƒƒƒƒƒƒƒƒƒƒƒƒƒƒƒƒƒƒƒƒƒƒˆƒƒƒƒƒƒƒƒƒƒƒƒˆƒƒƒƒƒƒƒƒƒƒƒƒˆƒƒƒƒƒƒƒƒƒƒƒƒˆƒƒƒƒƒƒƒƒƒƒƒƒˆƒƒƒƒƒƒƒƒƒƒƒƒ‰
      ‚link_status            ‚            ‚            ‚            ‚            ‚            ‚
      ‡ƒƒƒƒƒƒƒƒƒƒƒƒƒƒƒƒƒƒƒƒƒƒƒ‰            ‚            ‚            ‚            ‚            ‚
      ‚Accept                 ‚      332.00‚       11.20‚       12.02‚       11.90‚       20.10‚
      ‡ƒƒƒƒƒƒƒƒƒƒƒƒƒƒƒƒƒƒƒƒƒƒƒˆƒƒƒƒƒƒƒƒƒƒƒƒˆƒƒƒƒƒƒƒƒƒƒƒƒˆƒƒƒƒƒƒƒƒƒƒƒƒˆƒƒƒƒƒƒƒƒƒƒƒƒˆƒƒƒƒƒƒƒƒƒƒƒƒ‰
      ‚Review                 ‚       15.00‚        9.10‚        9.10‚        9.10‚        9.10‚
      ‡ƒƒƒƒƒƒƒƒƒƒƒƒƒƒƒƒƒƒƒƒƒƒƒˆƒƒƒƒƒƒƒƒƒƒƒƒˆƒƒƒƒƒƒƒƒƒƒƒƒˆƒƒƒƒƒƒƒƒƒƒƒƒˆƒƒƒƒƒƒƒƒƒƒƒƒˆƒƒƒƒƒƒƒƒƒƒƒƒ‰
      ‚All                    ‚      347.00‚        9.10‚       11.89‚       11.90‚       20.10‚
      Šƒƒƒƒƒƒƒƒƒƒƒƒƒƒƒƒƒƒƒƒƒƒƒ‹ƒƒƒƒƒƒƒƒƒƒƒƒ‹ƒƒƒƒƒƒƒƒƒƒƒƒ‹ƒƒƒƒƒƒƒƒƒƒƒƒ‹ƒƒƒƒƒƒƒƒƒƒƒƒ‹ƒƒƒƒƒƒƒƒƒƒƒƒŒ
                                Examples of linked records in file Lt                                5
                                                                      12:50 Thursday, December 2, 2021

                                   unique
                                   ID for
                                     each
                                   linked
                           file      dyad        id     score  link_status
                           ƒƒƒƒƒƒƒƒƒƒƒƒƒƒƒƒƒƒƒƒƒƒƒƒƒƒƒƒƒƒƒƒƒƒƒƒƒƒƒƒƒƒƒƒƒƒƒ
                           A            1        17       9.1  Review     
                           B            1       177       9.1  Review     
                           A            2        18       9.1  Review     
                           B            2       208       9.1  Review     
                           A            3        21       9.1  Review     
                           B            3       195       9.1  Review     
                           A            4        22       9.1  Review     
                           B            4        78       9.1  Review     
                           A            5        24       9.1  Review     
                           B            5       239       9.1  Review     
                 Review cases with scores between &review_cutoff. and &accept_cutoff.                6
                                                                      12:50 Thursday, December 2, 2021

        unique
        ID for
          each
        linked                      link_
file      dyad        id     score  status      file        id        x1        x2        x3  x4   x5
ƒƒƒƒƒƒƒƒƒƒƒƒƒƒƒƒƒƒƒƒƒƒƒƒƒƒƒƒƒƒƒƒƒƒƒƒƒƒƒƒƒƒƒƒƒƒƒƒƒƒƒƒƒƒƒƒƒƒƒƒƒƒƒƒƒƒƒƒƒƒƒƒƒƒƒƒƒƒƒƒƒƒƒƒƒƒƒƒƒƒƒƒƒƒƒƒƒƒƒƒƒƒ
A            1        17       9.1  Review      A           17        97         1        25  I    K  
B            1       177       9.1  Review      B          177       297         1        26  I    K  
A            2        18       9.1  Review      A           18        98         1        30  D    E  
B            2       208       9.1  Review      B          208       328         1        31  D    E  
A            3        21       9.1  Review      A           21       101         1        34  I    T  
B            3       195       9.1  Review      B          195       315         1        32  I    T  
A            4        22       9.1  Review      A           22       102         1        30  J    J  
B            4        78       9.1  Review      B           78       198         1        30  J    J  
A            5        24       9.1  Review      A           24       104         0        33  A    Z  
B            5       239       9.1  Review      B          239       359         0        32  A    Z  
A            6        34       9.1  Review      A           34       114         0        28  D    U  
B            6        15       9.1  Review      B           15       135         0        27  D    U  
A            7        34       9.1  Review      A           34       114         0        28  D    U  
B            7       192       9.1  Review      B          192       312         0        27  D    U  
A           13        39       9.1  Review      A           39       119         1        25  F    U  
B           13       210       9.1  Review      B          210       330         1        25  F    U  
A           36        44       9.1  Review      A           44       124         1        25  F    M  
B           36       214       9.1  Review      B          214       334         1        25  F    M  
A           90        53       9.1  Review      A           53       133         1        29  C    W  
B           90        41       9.1  Review      B           41       161         1        30  C    W  
A          103        56       9.1  Review      A           56       136         0        33  G    K  
B          103       167       9.1  Review      B          167       287         0        33  G    K  
A          104        56       9.1  Review      A           56       136         0        33  G    K  
B          104       223       9.1  Review      B          223       343         0        32  G    K  
A          180        73       9.1  Review      A           73       153         1        31  I    H  
B          180       227       9.1  Review      B          227       347         1        31  I    H  
A          208        78       9.1  Review      A           78       158         1        31  E    J  
B          208       169       9.1  Review      B          169       289         1        33  E    J  
A          329        97       9.1  Review      A           97       177         0        33  I    T  
B          329       127       9.1  Review      B          127       247         0        31  I    T  
